app/build/intermediates/manifest_merge_blame_file/debug/manifest-merger-blame-debug-report.txt
1<?xml version="1.0" encoding="utf-8"?>
2<manifest xmlns:android="http://schemas.android.com/apk/res/android"
3    package="io.mosip.registration.matchsdk"
4    android:versionCode="1"
5    android:versionName="1.0" >
6
7    <uses-sdk
8        android:minSdkVersion="28"
8-->src\main\AndroidManifest.xml
9        android:targetSdkVersion="31" />
9-->src\main\AndroidManifest.xml
10
11    <application
11-->src\main\AndroidManifest.xml:5:5-14:32
12        android:allowBackup="true"
12-->src\main\AndroidManifest.xml:6:9-35
13        android:appComponentFactory="androidx.core.app.CoreComponentFactory"
13-->[androidx.core:core:1.7.0] AndroidManifest.xml:24:18-86
14        android:dataExtractionRules="@xml/data_extraction_rules"
14-->src\main\AndroidManifest.xml:7:9-65
15        android:debuggable="true"
16        android:extractNativeLibs="false"
17        android:fullBackupContent="@xml/backup_rules"
17-->src\main\AndroidManifest.xml:8:9-54
18        android:icon="@mipmap/ic_launcher"
18-->src\main\AndroidManifest.xml:9:9-43
19        android:label="@string/app_name"
19-->src\main\AndroidManifest.xml:10:9-41
20        android:roundIcon="@mipmap/ic_launcher_round"
20-->src\main\AndroidManifest.xml:11:9-54
21        android:supportsRtl="true"
21-->src\main\AndroidManifest.xml:12:9-35
22        android:theme="@style/Theme.MatchSDK" >
22-->src\main\AndroidManifest.xml:13:9-46
23        <provider
23-->[androidx.emoji2:emoji2:1.0.0] AndroidManifest.xml:26:9-34:20
24            android:name="androidx.startup.InitializationProvider"
24-->[androidx.emoji2:emoji2:1.0.0] AndroidManifest.xml:27:13-67
25            android:authorities="io.mosip.registration.matchsdk.androidx-startup"
25-->[androidx.emoji2:emoji2:1.0.0] AndroidManifest.xml:28:13-68
26            android:exported="false" >
26-->[androidx.emoji2:emoji2:1.0.0] AndroidManifest.xml:29:13-37
27            <meta-data
27-->[androidx.emoji2:emoji2:1.0.0] AndroidManifest.xml:31:13-33:52
28                android:name="androidx.emoji2.text.EmojiCompatInitializer"
28-->[androidx.emoji2:emoji2:1.0.0] AndroidManifest.xml:32:17-75
29                android:value="androidx.startup" />
29-->[androidx.emoji2:emoji2:1.0.0] AndroidManifest.xml:33:17-49
30            <meta-data
30-->[androidx.lifecycle:lifecycle-process:2.4.0] AndroidManifest.xml:31:13-33:52
31                android:name="androidx.lifecycle.ProcessLifecycleInitializer"
31-->[androidx.lifecycle:lifecycle-process:2.4.0] AndroidManifest.xml:32:17-78
32                android:value="androidx.startup" />
32-->[androidx.lifecycle:lifecycle-process:2.4.0] AndroidManifest.xml:33:17-49
33        </provider>
34    </application>
35
36</manifest>